Loading network from nordic44.zip...
Network loaded successfully.
Generating NetworkAreaDiagram: PowSyBl-NAD-LoadArea-Bamble-LA.svg
Error generating PowSyBl-NAD-LoadArea-Bamble-LA.svg: Unknown voltage level id 'bb017e3b-c1e1-463c-b719-fe73df802624'
Generating NetworkAreaDiagram: PowSyBl-NAD-LoadArea-DSO1-LA-1.svg
Error generating PowSyBl-NAD-LoadArea-DSO1-LA-1.svg: Unknown voltage level id 'd4addb12-e956-e44b-9a9d-f118fdbe49f8'
Generating NetworkAreaDiagram: PowSyBl-NAD-LoadArea-FI-LA.svg
Generating NetworkAreaDiagram: PowSyBl-NAD-LoadArea-NO-LA.svg
Generating NetworkAreaDiagram: PowSyBl-NAD-LoadArea-SE-LA.svg
Generating NetworkAreaDiagram: PowSyBl-NAD-SubGeographicalRegion-DSO-V.svg
Error generating PowSyBl-NAD-SubGeographicalRegion-DSO-V.svg: Unknown voltage level id 'd82114b7-09c0-4cb4-b9c8-19a5fdaf991a'
Generating NetworkAreaDiagram: PowSyBl-NAD-SubGeographicalRegion-FI1-SGR.svg
Generating NetworkAreaDiagram: PowSyBl-NAD-SubGeographicalRegion-NO1-SGR.svg
Generating NetworkAreaDiagram: PowSyBl-NAD-SubGeographicalRegion-NO2-SGR.svg
Error generating PowSyBl-NAD-SubGeographicalRegion-NO2-SGR.svg: Unknown voltage level id '681a21b6-5a55-11eb-a658-74e5f963e191'
Generating NetworkAreaDiagram: PowSyBl-NAD-SubGeographicalRegion-NO3-SGR.svg
Generating NetworkAreaDiagram: PowSyBl-NAD-SubGeographicalRegion-NO4-SGR.svg
Generating NetworkAreaDiagram: PowSyBl-NAD-SubGeographicalRegion-NO5-SGR.svg
Generating NetworkAreaDiagram: PowSyBl-NAD-SubGeographicalRegion-SE1-SGR.svg
Generating NetworkAreaDiagram: PowSyBl-NAD-SubGeographicalRegion-SE2-SGR.svg
Generating NetworkAreaDiagram: PowSyBl-NAD-SubGeographicalRegion-SE3-SGR.svg
Generating NetworkAreaDiagram: PowSyBl-NAD-SubGeographicalRegion-SE4-SGR.svg
Generating NetworkAreaDiagram: PowSyBl-NAD-SubLoadArea-Bamble-SLA.svg
Error generating PowSyBl-NAD-SubLoadArea-Bamble-SLA.svg: Unknown voltage level id 'bb017e3b-c1e1-463c-b719-fe73df802624'
Generating NetworkAreaDiagram: PowSyBl-NAD-SubLoadArea-DSO1-SA-1.svg
Error generating PowSyBl-NAD-SubLoadArea-DSO1-SA-1.svg: Unknown voltage level id 'd4addb12-e956-e44b-9a9d-f118fdbe49f8'
Generating NetworkAreaDiagram: PowSyBl-NAD-SubLoadArea-FI1-SLA.svg
Generating NetworkAreaDiagram: PowSyBl-NAD-SubLoadArea-NO1-SLA.svg
Generating NetworkAreaDiagram: PowSyBl-NAD-SubLoadArea-NO2-SLA.svg
Generating NetworkAreaDiagram: PowSyBl-NAD-SubLoadArea-NO3-SLA.svg
Generating NetworkAreaDiagram: PowSyBl-NAD-SubLoadArea-NO4-SLA.svg
Generating NetworkAreaDiagram: PowSyBl-NAD-SubLoadArea-NO5-SLA.svg
Generating NetworkAreaDiagram: PowSyBl-NAD-SubLoadArea-SE1-SLA.svg
Generating NetworkAreaDiagram: PowSyBl-NAD-SubLoadArea-SE2-SLA.svg
Generating NetworkAreaDiagram: PowSyBl-NAD-SubLoadArea-SE3-SLA.svg
Generating NetworkAreaDiagram: PowSyBl-NAD-SubLoadArea-SE4-SLA.svg
Generating NetworkAreaDiagram: PowSyBl-NAD-all.svg
Generating SingleLineDiagram-Multi: PowSyBl-SLD-2substations-AJAURE-and-OULU.svg
Error generating PowSyBl-SLD-2substations-AJAURE-and-OULU.svg: Substation 'f17695fe-9aeb-11e5-91da-b8763fd99c5f' was not found in zone graph 'f17695fe-9aeb-11e5-91da-b8763fd99c5f_f17696c4-9aeb-11e5-91da-b8763fd99c5f'
Generating SingleLineDiagram-Multi: PowSyBl-SLD-2substations-ARENDAL-and-ASKER.svg
Generating SingleLineDiagram-Multi: PowSyBl-SLD-2substations-ARENDAL-and-ASKER.svg
Generating SingleLineDiagram-Multi: PowSyBl-SLD-2substations-ARENDAL-and-FROLAND.svg
Error generating PowSyBl-SLD-2substations-ARENDAL-and-FROLAND.svg: Substation '681a1e63-5a55-11eb-a658-74e5f963e191' not in network urn:uuid:e710212f-f6b2-8d4c-9dc0-365398d8b59c
Generating SingleLineDiagram-Multi: PowSyBl-SLD-2substations-ARENDAL-and-FROLAND.svg
Error generating PowSyBl-SLD-2substations-ARENDAL-and-FROLAND.svg: Substation '681a1e63-5a55-11eb-a658-74e5f963e191' not in network urn:uuid:e710212f-f6b2-8d4c-9dc0-365398d8b59c
Generating SingleLineDiagram-Multi: PowSyBl-SLD-2substations-ARENDAL-and-KRISTIANSAND.svg
Generating SingleLineDiagram-Multi: PowSyBl-SLD-2substations-ARENDAL-and-KRISTIA_HVDC.svg
Generating SingleLineDiagram-Multi: PowSyBl-SLD-2substations-ARENDAL-and-KRISTIA_HVDC.svg
Generating SingleLineDiagram-Multi: PowSyBl-SLD-2substations-ARENDAL-and-SANDEFJORD.svg
Generating SingleLineDiagram-Multi: PowSyBl-SLD-2substations-ARENDAL-and-SANDEFJORD.svg
Generating SingleLineDiagram-Multi: PowSyBl-SLD-2substations-ASKER-and-HALDEN.svg
Error generating PowSyBl-SLD-2substations-ASKER-and-HALDEN.svg: Substation 'f176960e-9aeb-11e5-91da-b8763fd99c5f' was not found in zone graph 'f176964e-9aeb-11e5-91da-b8763fd99c5f_f176960e-9aeb-11e5-91da-b8763fd99c5f'
Generating SingleLineDiagram-Multi: PowSyBl-SLD-2substations-AURLAND-and-GEILO.svg
Error generating PowSyBl-SLD-2substations-AURLAND-and-GEILO.svg: Substation 'f176962a-9aeb-11e5-91da-b8763fd99c5f' was not found in zone graph 'f176962a-9aeb-11e5-91da-b8763fd99c5f_f1769630-9aeb-11e5-91da-b8763fd99c5f'
Generating SingleLineDiagram-Multi: PowSyBl-SLD-2substations-AURLAND-and-HAGAFOSS.svg
Error generating PowSyBl-SLD-2substations-AURLAND-and-HAGAFOSS.svg: Substation 'f176962a-9aeb-11e5-91da-b8763fd99c5f' was not found in zone graph 'f176962a-9aeb-11e5-91da-b8763fd99c5f_f1769688-9aeb-11e5-91da-b8763fd99c5f'
Generating SingleLineDiagram-Multi: PowSyBl-SLD-2substations-BLAFALLI-and-KVILLDAL.svg
Error generating PowSyBl-SLD-2substations-BLAFALLI-and-KVILLDAL.svg: Substation 'f1769682-9aeb-11e5-91da-b8763fd99c5f' was not found in zone graph 'f176968e-9aeb-11e5-91da-b8763fd99c5f_f1769682-9aeb-11e5-91da-b8763fd99c5f'
Generating SingleLineDiagram-Multi: PowSyBl-SLD-2substations-BLAFALLI-and-SIMA.svg
Generating SingleLineDiagram-Multi: PowSyBl-SLD-2substations-DAGALI-and-HALDEN.svg
Error generating PowSyBl-SLD-2substations-DAGALI-and-HALDEN.svg: Substation 'f176960e-9aeb-11e5-91da-b8763fd99c5f' was not found in zone graph 'f1769614-9aeb-11e5-91da-b8763fd99c5f_f176960e-9aeb-11e5-91da-b8763fd99c5f'
Generating SingleLineDiagram-Multi: PowSyBl-SLD-2substations-DAGALI-and-KONGSBERG.svg
Generating SingleLineDiagram-Multi: PowSyBl-SLD-2substations-EIDFJORD-and-AURLAND.svg
Error generating PowSyBl-SLD-2substations-EIDFJORD-and-AURLAND.svg: Substation 'f176962a-9aeb-11e5-91da-b8763fd99c5f' was not found in zone graph 'f1769636-9aeb-11e5-91da-b8763fd99c5f_f176962a-9aeb-11e5-91da-b8763fd99c5f'
Generating SingleLineDiagram-Multi: PowSyBl-SLD-2substations-EIDFJORD-and-GEILO.svg
Generating SingleLineDiagram-Multi: PowSyBl-SLD-2substations-ENGENE-and-NEDENES.svg
Error generating PowSyBl-SLD-2substations-ENGENE-and-NEDENES.svg: Substation '681a1e15-5a55-11eb-a658-74e5f963e191' not in network urn:uuid:e710212f-f6b2-8d4c-9dc0-365398d8b59c
Generating SingleLineDiagram-Multi: PowSyBl-SLD-2substations-ENGENE-and-T_ENGENE.svg
Error generating PowSyBl-SLD-2substations-ENGENE-and-T_ENGENE.svg: Substation '681a1e15-5a55-11eb-a658-74e5f963e191' not in network urn:uuid:e710212f-f6b2-8d4c-9dc0-365398d8b59c
Generating SingleLineDiagram-Multi: PowSyBl-SLD-2substations-FEDA_HVDC-and-KRISTIANSAND.svg
Generating SingleLineDiagram-Multi: PowSyBl-SLD-2substations-FORSMARK-and-DANNEBO_HVDC.svg
Generating SingleLineDiagram-Multi: PowSyBl-SLD-2substations-FORSMARK-and-OSKARSHAMN.svg
Generating SingleLineDiagram-Multi: PowSyBl-SLD-2substations-FROLAND-and-T_ENGENE.svg
Error generating PowSyBl-SLD-2substations-FROLAND-and-T_ENGENE.svg: Substation '681a1e63-5a55-11eb-a658-74e5f963e191' not in network urn:uuid:e710212f-f6b2-8d4c-9dc0-365398d8b59c
Generating SingleLineDiagram-Multi: PowSyBl-SLD-2substations-GEILO-and-DAGALI.svg
Generating SingleLineDiagram-Multi: PowSyBl-SLD-2substations-GEILO-and-KONGSBERG.svg
Generating SingleLineDiagram-Multi: PowSyBl-SLD-2substations-GRUNDFORS-and-AJAURE.svg
Error generating PowSyBl-SLD-2substations-GRUNDFORS-and-AJAURE.svg: Substation 'f17695fe-9aeb-11e5-91da-b8763fd99c5f' was not found in zone graph 'f17695e5-9aeb-11e5-91da-b8763fd99c5f_f17695fe-9aeb-11e5-91da-b8763fd99c5f'
Generating SingleLineDiagram-Multi: PowSyBl-SLD-2substations-GRUNDFORS-and-HJALTA.svg
Generating SingleLineDiagram-Multi: PowSyBl-SLD-2substations-GRUNDFORS-and-OULU.svg
Generating SingleLineDiagram-Multi: PowSyBl-SLD-2substations-GRUNDFORS-and-PORJUS.svg
Generating SingleLineDiagram-Multi: PowSyBl-SLD-2substations-HAGAFOSS-and-DAGALI.svg
Error generating PowSyBl-SLD-2substations-HAGAFOSS-and-DAGALI.svg: Substation 'f1769688-9aeb-11e5-91da-b8763fd99c5f' was not found in zone graph 'f1769688-9aeb-11e5-91da-b8763fd99c5f_f1769614-9aeb-11e5-91da-b8763fd99c5f'
Generating SingleLineDiagram-Multi: PowSyBl-SLD-2substations-HAGAFOSS-and-OSLO.svg
Error generating PowSyBl-SLD-2substations-HAGAFOSS-and-OSLO.svg: Substation 'f1769688-9aeb-11e5-91da-b8763fd99c5f' was not found in zone graph 'f1769688-9aeb-11e5-91da-b8763fd99c5f_f176963c-9aeb-11e5-91da-b8763fd99c5f'
Generating SingleLineDiagram-Multi: PowSyBl-SLD-2substations-HAGAFOSS-and-SYLLING.svg
Error generating PowSyBl-SLD-2substations-HAGAFOSS-and-SYLLING.svg: Substation 'f1769688-9aeb-11e5-91da-b8763fd99c5f' was not found in zone graph 'f1769688-9aeb-11e5-91da-b8763fd99c5f_f1769642-9aeb-11e5-91da-b8763fd99c5f'
Generating SingleLineDiagram-Multi: PowSyBl-SLD-2substations-HAGAFOSS-and-SYSLE.svg
Error generating PowSyBl-SLD-2substations-HAGAFOSS-and-SYSLE.svg: Substation 'f1769688-9aeb-11e5-91da-b8763fd99c5f' was not found in zone graph 'f1769688-9aeb-11e5-91da-b8763fd99c5f_f1769648-9aeb-11e5-91da-b8763fd99c5f'
Generating SingleLineDiagram-Multi: PowSyBl-SLD-2substations-HALDEN-and-RINGHALS.svg
Error generating PowSyBl-SLD-2substations-HALDEN-and-RINGHALS.svg: Substation 'f176960e-9aeb-11e5-91da-b8763fd99c5f' was not found in zone graph 'f176960e-9aeb-11e5-91da-b8763fd99c5f_f17695f1-9aeb-11e5-91da-b8763fd99c5f'
Generating SingleLineDiagram-Multi: PowSyBl-SLD-2substations-HELSINKI-and-ESTLINK_HVDC.svg
Generating SingleLineDiagram-Multi: PowSyBl-SLD-2substations-HELSINKI-and-OULU.svg
Generating SingleLineDiagram-Multi: PowSyBl-SLD-2substations-HELSINKI-and-VYBORG_HVDC.svg
Generating SingleLineDiagram-Multi: PowSyBl-SLD-2substations-HJALTA-and-AJAURE.svg
Error generating PowSyBl-SLD-2substations-HJALTA-and-AJAURE.svg: Substation 'f17695fe-9aeb-11e5-91da-b8763fd99c5f' was not found in zone graph 'f17695be-9aeb-11e5-91da-b8763fd99c5f_f17695fe-9aeb-11e5-91da-b8763fd99c5f'
Generating SingleLineDiagram-Multi: PowSyBl-SLD-2substations-HOGASEN-and-FORSMARK.svg
Generating SingleLineDiagram-Multi: PowSyBl-SLD-2substations-HOGASEN-and-JARPSTROMMEN.svg
Error generating PowSyBl-SLD-2substations-HOGASEN-and-JARPSTROMMEN.svg: Substation 'f17695df-9aeb-11e5-91da-b8763fd99c5f' was not found in zone graph 'f17695d8-9aeb-11e5-91da-b8763fd99c5f_f17695df-9aeb-11e5-91da-b8763fd99c5f'
Generating SingleLineDiagram-Multi: PowSyBl-SLD-2substations-HOGASEN-and-PORJUS.svg
Generating SingleLineDiagram-Multi: PowSyBl-SLD-2substations-HOGASEN-and-TRONDHEIM.svg
Generating SingleLineDiagram-Multi: PowSyBl-SLD-2substations-JARPSTROMMEN-and-FORSMARK.svg
Error generating PowSyBl-SLD-2substations-JARPSTROMMEN-and-FORSMARK.svg: Substation 'f17695df-9aeb-11e5-91da-b8763fd99c5f' was not found in zone graph 'f17695df-9aeb-11e5-91da-b8763fd99c5f_f17695aa-9aeb-11e5-91da-b8763fd99c5f'
Generating SingleLineDiagram-Multi: PowSyBl-SLD-2substations-JARPSTROMMEN-and-PORJUS.svg
Error generating PowSyBl-SLD-2substations-JARPSTROMMEN-and-PORJUS.svg: Substation 'f17695df-9aeb-11e5-91da-b8763fd99c5f' was not found in zone graph 'f17695df-9aeb-11e5-91da-b8763fd99c5f_f17695c8-9aeb-11e5-91da-b8763fd99c5f'
Generating SingleLineDiagram-Multi: PowSyBl-SLD-2substations-KARLSH_HVDC-and-MALMO.svg
Generating SingleLineDiagram-Multi: PowSyBl-SLD-2substations-KONGSBERG-and-HALDEN.svg
Error generating PowSyBl-SLD-2substations-KONGSBERG-and-HALDEN.svg: Substation 'f176960e-9aeb-11e5-91da-b8763fd99c5f' was not found in zone graph 'f176961e-9aeb-11e5-91da-b8763fd99c5f_f176960e-9aeb-11e5-91da-b8763fd99c5f'
Generating SingleLineDiagram-Multi: PowSyBl-SLD-2substations-KRISTIANSAND-and-ARENDAL.svg
Generating SingleLineDiagram-Multi: PowSyBl-SLD-2substations-KVILLDAL-and-AURLAND.svg
Error generating PowSyBl-SLD-2substations-KVILLDAL-and-AURLAND.svg: Substation 'f1769682-9aeb-11e5-91da-b8763fd99c5f' was not found in zone graph 'f1769682-9aeb-11e5-91da-b8763fd99c5f_f176962a-9aeb-11e5-91da-b8763fd99c5f'
Generating SingleLineDiagram-Multi: PowSyBl-SLD-2substations-KVILLDAL-and-DAGALI.svg
Error generating PowSyBl-SLD-2substations-KVILLDAL-and-DAGALI.svg: Substation 'f1769682-9aeb-11e5-91da-b8763fd99c5f' was not found in zone graph 'f1769682-9aeb-11e5-91da-b8763fd99c5f_f1769614-9aeb-11e5-91da-b8763fd99c5f'
Generating SingleLineDiagram-Multi: PowSyBl-SLD-2substations-KVILLDAL-and-HAGAFOSS.svg
Error generating PowSyBl-SLD-2substations-KVILLDAL-and-HAGAFOSS.svg: Substation 'f1769682-9aeb-11e5-91da-b8763fd99c5f' was not found in zone graph 'f1769682-9aeb-11e5-91da-b8763fd99c5f_f1769688-9aeb-11e5-91da-b8763fd99c5f'
Generating SingleLineDiagram-Multi: PowSyBl-SLD-2substations-KVILLDAL-and-KRISTIANSAND.svg
Error generating PowSyBl-SLD-2substations-KVILLDAL-and-KRISTIANSAND.svg: Substation 'f1769682-9aeb-11e5-91da-b8763fd99c5f' was not found in zone graph 'f1769682-9aeb-11e5-91da-b8763fd99c5f_f176965a-9aeb-11e5-91da-b8763fd99c5f'
Generating SingleLineDiagram-Multi: PowSyBl-SLD-2substations-KVILLDAL-and-OSLO.svg
Error generating PowSyBl-SLD-2substations-KVILLDAL-and-OSLO.svg: Substation 'f1769682-9aeb-11e5-91da-b8763fd99c5f' was not found in zone graph 'f1769682-9aeb-11e5-91da-b8763fd99c5f_f176963c-9aeb-11e5-91da-b8763fd99c5f'
Generating SingleLineDiagram-Multi: PowSyBl-SLD-2substations-KVILLDAL-and-SIMA.svg
Error generating PowSyBl-SLD-2substations-KVILLDAL-and-SIMA.svg: Substation 'f1769682-9aeb-11e5-91da-b8763fd99c5f' was not found in zone graph 'f1769682-9aeb-11e5-91da-b8763fd99c5f_f1769624-9aeb-11e5-91da-b8763fd99c5f'
Generating SingleLineDiagram-Multi: PowSyBl-SLD-2substations-KVILLDAL-and-SYLLING.svg
Error generating PowSyBl-SLD-2substations-KVILLDAL-and-SYLLING.svg: Substation 'f1769682-9aeb-11e5-91da-b8763fd99c5f' was not found in zone graph 'f1769682-9aeb-11e5-91da-b8763fd99c5f_f1769642-9aeb-11e5-91da-b8763fd99c5f'
Generating SingleLineDiagram-Multi: PowSyBl-SLD-2substations-KVILLDAL-and-SYSLE.svg
Error generating PowSyBl-SLD-2substations-KVILLDAL-and-SYSLE.svg: Substation 'f1769682-9aeb-11e5-91da-b8763fd99c5f' was not found in zone graph 'f1769682-9aeb-11e5-91da-b8763fd99c5f_f1769648-9aeb-11e5-91da-b8763fd99c5f'
Generating SingleLineDiagram-Multi: PowSyBl-SLD-2substations-MALMO-and-ARRIE_HVDC.svg
Generating SingleLineDiagram-Multi: PowSyBl-SLD-2substations-MALMO-and-OSKARSHAMN.svg
Generating SingleLineDiagram-Multi: PowSyBl-SLD-2substations-MALMO-and-TENHULT.svg
Generating SingleLineDiagram-Multi: PowSyBl-SLD-2substations-MO-and-AJAURE.svg
Error generating PowSyBl-SLD-2substations-MO-and-AJAURE.svg: Substation 'f17695fe-9aeb-11e5-91da-b8763fd99c5f' was not found in zone graph 'f176969e-9aeb-11e5-91da-b8763fd99c5f_f17695fe-9aeb-11e5-91da-b8763fd99c5f'
Generating SingleLineDiagram-Multi: PowSyBl-SLD-2substations-MO-and-NARVIK.svg
Error generating PowSyBl-SLD-2substations-MO-and-NARVIK.svg: Substation 'f17696a8-9aeb-11e5-91da-b8763fd99c5f' was not found in zone graph 'f176969e-9aeb-11e5-91da-b8763fd99c5f_f17696a8-9aeb-11e5-91da-b8763fd99c5f'
Generating SingleLineDiagram-Multi: PowSyBl-SLD-2substations-MO-and-PORJUS.svg
Generating SingleLineDiagram-Multi: PowSyBl-SLD-2substations-NEDENES-and-TELEMA2-04-CB1.svg
Error generating PowSyBl-SLD-2substations-NEDENES-and-TELEMA2-04-CB1.svg: Substation '681a2179-5a55-11eb-a658-74e5f963e191' not in network urn:uuid:e710212f-f6b2-8d4c-9dc0-365398d8b59c
Generating SingleLineDiagram-Multi: PowSyBl-SLD-2substations-NEDENES-and-TELEMA2-04-CB4.svg
Error generating PowSyBl-SLD-2substations-NEDENES-and-TELEMA2-04-CB4.svg: Substation '681a2179-5a55-11eb-a658-74e5f963e191' not in network urn:uuid:e710212f-f6b2-8d4c-9dc0-365398d8b59c
Generating SingleLineDiagram-Multi: PowSyBl-SLD-2substations-NEDENES-and-TELEMA2-04-CB6.svg
Error generating PowSyBl-SLD-2substations-NEDENES-and-TELEMA2-04-CB6.svg: Substation '681a2179-5a55-11eb-a658-74e5f963e191' not in network urn:uuid:e710212f-f6b2-8d4c-9dc0-365398d8b59c
Generating SingleLineDiagram-Multi: PowSyBl-SLD-2substations-OSLO-and-ASKER.svg
Generating SingleLineDiagram-Multi: PowSyBl-SLD-2substations-PORJUS-and-AJAURE.svg
Error generating PowSyBl-SLD-2substations-PORJUS-and-AJAURE.svg: Substation 'f17695fe-9aeb-11e5-91da-b8763fd99c5f' was not found in zone graph 'f17695c8-9aeb-11e5-91da-b8763fd99c5f_f17695fe-9aeb-11e5-91da-b8763fd99c5f'
Generating SingleLineDiagram-Multi: PowSyBl-SLD-2substations-PORJUS-and-FORSMARK.svg
Generating SingleLineDiagram-Multi: PowSyBl-SLD-2substations-PORJUS-and-HJALTA.svg
Generating SingleLineDiagram-Multi: PowSyBl-SLD-2substations-PORJUS-and-NARVIK.svg
Error generating PowSyBl-SLD-2substations-PORJUS-and-NARVIK.svg: Substation 'f17696a8-9aeb-11e5-91da-b8763fd99c5f' was not found in zone graph 'f17695c8-9aeb-11e5-91da-b8763fd99c5f_f17696a8-9aeb-11e5-91da-b8763fd99c5f'
Generating SingleLineDiagram-Multi: PowSyBl-SLD-2substations-PORJUS-and-OULU.svg
Generating SingleLineDiagram-Multi: PowSyBl-SLD-2substations-RINGHALS-and-HJALTA.svg
Generating SingleLineDiagram-Multi: PowSyBl-SLD-2substations-RINGHALS-and-MALMO.svg
Generating SingleLineDiagram-Multi: PowSyBl-SLD-2substations-RINGHALS-and-TENHULT.svg
Generating SingleLineDiagram-Multi: PowSyBl-SLD-2substations-SANDEFJORD-and-OSLO.svg
Generating SingleLineDiagram-Multi: PowSyBl-SLD-2substations-SANDEFJORD-and-SYLLING.svg
Error generating PowSyBl-SLD-2substations-SANDEFJORD-and-SYLLING.svg: Substation 'f1769642-9aeb-11e5-91da-b8763fd99c5f' was not found in zone graph 'f176966a-9aeb-11e5-91da-b8763fd99c5f_f1769642-9aeb-11e5-91da-b8763fd99c5f'
Generating SingleLineDiagram-Multi: PowSyBl-SLD-2substations-SIMA-and-AURLAND.svg
Error generating PowSyBl-SLD-2substations-SIMA-and-AURLAND.svg: Substation 'f176962a-9aeb-11e5-91da-b8763fd99c5f' was not found in zone graph 'f1769624-9aeb-11e5-91da-b8763fd99c5f_f176962a-9aeb-11e5-91da-b8763fd99c5f'
Generating SingleLineDiagram-Multi: PowSyBl-SLD-2substations-SIMA-and-EIDFJORD.svg
Generating SingleLineDiagram-Multi: PowSyBl-SLD-2substations-SIMA-and-GEILO.svg
Generating SingleLineDiagram-Multi: PowSyBl-SLD-2substations-SIMA-and-HAGAFOSS.svg
Error generating PowSyBl-SLD-2substations-SIMA-and-HAGAFOSS.svg: Substation 'f1769688-9aeb-11e5-91da-b8763fd99c5f' was not found in zone graph 'f1769624-9aeb-11e5-91da-b8763fd99c5f_f1769688-9aeb-11e5-91da-b8763fd99c5f'
Generating SingleLineDiagram-Multi: PowSyBl-SLD-2substations-SKIEN-and-ASKER.svg
Error generating PowSyBl-SLD-2substations-SKIEN-and-ASKER.svg: Substation 'f1769654-9aeb-11e5-91da-b8763fd99c5f' was not found in zone graph 'f1769654-9aeb-11e5-91da-b8763fd99c5f_f176964e-9aeb-11e5-91da-b8763fd99c5f'
Generating SingleLineDiagram-Multi: PowSyBl-SLD-2substations-SKIEN-and-HALDEN.svg
Error generating PowSyBl-SLD-2substations-SKIEN-and-HALDEN.svg: Substation 'f1769654-9aeb-11e5-91da-b8763fd99c5f' was not found in zone graph 'f1769654-9aeb-11e5-91da-b8763fd99c5f_f176960e-9aeb-11e5-91da-b8763fd99c5f'
Generating SingleLineDiagram-Multi: PowSyBl-SLD-2substations-SKIEN-and-OSLO.svg
Error generating PowSyBl-SLD-2substations-SKIEN-and-OSLO.svg: Substation 'f1769654-9aeb-11e5-91da-b8763fd99c5f' was not found in zone graph 'f1769654-9aeb-11e5-91da-b8763fd99c5f_f176963c-9aeb-11e5-91da-b8763fd99c5f'
Generating SingleLineDiagram-Multi: PowSyBl-SLD-2substations-SKIEN-and-SYLLING.svg
Error generating PowSyBl-SLD-2substations-SKIEN-and-SYLLING.svg: Substation 'f1769654-9aeb-11e5-91da-b8763fd99c5f' was not found in zone graph 'f1769654-9aeb-11e5-91da-b8763fd99c5f_f1769642-9aeb-11e5-91da-b8763fd99c5f'
Generating SingleLineDiagram-Multi: PowSyBl-SLD-2substations-STAVANGER-and-AURLAND.svg
Error generating PowSyBl-SLD-2substations-STAVANGER-and-AURLAND.svg: Substation 'f176962a-9aeb-11e5-91da-b8763fd99c5f' was not found in zone graph 'f1769664-9aeb-11e5-91da-b8763fd99c5f_f176962a-9aeb-11e5-91da-b8763fd99c5f'
Generating SingleLineDiagram-Multi: PowSyBl-SLD-2substations-STAVANGER-and-DAGALI.svg
Generating SingleLineDiagram-Multi: PowSyBl-SLD-2substations-STAVANGER-and-HAGAFOSS.svg
Error generating PowSyBl-SLD-2substations-STAVANGER-and-HAGAFOSS.svg: Substation 'f1769688-9aeb-11e5-91da-b8763fd99c5f' was not found in zone graph 'f1769664-9aeb-11e5-91da-b8763fd99c5f_f1769688-9aeb-11e5-91da-b8763fd99c5f'
Generating SingleLineDiagram-Multi: PowSyBl-SLD-2substations-STAVANGER-and-KRISTIANSAND.svg
Generating SingleLineDiagram-Multi: PowSyBl-SLD-2substations-STAVANGER-and-KVILLDAL.svg
Error generating PowSyBl-SLD-2substations-STAVANGER-and-KVILLDAL.svg: Substation 'f1769682-9aeb-11e5-91da-b8763fd99c5f' was not found in zone graph 'f1769664-9aeb-11e5-91da-b8763fd99c5f_f1769682-9aeb-11e5-91da-b8763fd99c5f'
Generating SingleLineDiagram-Multi: PowSyBl-SLD-2substations-STAVANGER-and-OSLO.svg
Generating SingleLineDiagram-Multi: PowSyBl-SLD-2substations-STAVANGER-and-SIMA.svg
Generating SingleLineDiagram-Multi: PowSyBl-SLD-2substations-STAVANGER-and-SYLLING.svg
Error generating PowSyBl-SLD-2substations-STAVANGER-and-SYLLING.svg: Substation 'f1769642-9aeb-11e5-91da-b8763fd99c5f' was not found in zone graph 'f1769664-9aeb-11e5-91da-b8763fd99c5f_f1769642-9aeb-11e5-91da-b8763fd99c5f'
Generating SingleLineDiagram-Multi: PowSyBl-SLD-2substations-STAVANGER-and-SYSLE.svg
Error generating PowSyBl-SLD-2substations-STAVANGER-and-SYSLE.svg: Substation 'f1769648-9aeb-11e5-91da-b8763fd99c5f' was not found in zone graph 'f1769664-9aeb-11e5-91da-b8763fd99c5f_f1769648-9aeb-11e5-91da-b8763fd99c5f'
Generating SingleLineDiagram-Multi: PowSyBl-SLD-2substations-STENKU_HVDC-and-RINGHALS.svg
Error generating PowSyBl-SLD-2substations-STENKU_HVDC-and-RINGHALS.svg: Substation 'f17695f7-9aeb-11e5-91da-b8763fd99c5f' was not found in zone graph 'f17695f7-9aeb-11e5-91da-b8763fd99c5f_f17695f1-9aeb-11e5-91da-b8763fd99c5f'
Generating SingleLineDiagram-Multi: PowSyBl-SLD-2substations-SYLLING-and-ASKER.svg
Error generating PowSyBl-SLD-2substations-SYLLING-and-ASKER.svg: Substation 'f1769642-9aeb-11e5-91da-b8763fd99c5f' was not found in zone graph 'f1769642-9aeb-11e5-91da-b8763fd99c5f_f176964e-9aeb-11e5-91da-b8763fd99c5f'
Generating SingleLineDiagram-Multi: PowSyBl-SLD-2substations-SYLLING-and-OSLO.svg
Error generating PowSyBl-SLD-2substations-SYLLING-and-OSLO.svg: Substation 'f1769642-9aeb-11e5-91da-b8763fd99c5f' was not found in zone graph 'f1769642-9aeb-11e5-91da-b8763fd99c5f_f176963c-9aeb-11e5-91da-b8763fd99c5f'
Generating SingleLineDiagram-Multi: PowSyBl-SLD-2substations-SYSLE-and-OSLO.svg
Error generating PowSyBl-SLD-2substations-SYSLE-and-OSLO.svg: Substation 'f1769648-9aeb-11e5-91da-b8763fd99c5f' was not found in zone graph 'f1769648-9aeb-11e5-91da-b8763fd99c5f_f176963c-9aeb-11e5-91da-b8763fd99c5f'
Generating SingleLineDiagram-Multi: PowSyBl-SLD-2substations-SYSLE-and-SYLLING.svg
Error generating PowSyBl-SLD-2substations-SYSLE-and-SYLLING.svg: Substation 'f1769648-9aeb-11e5-91da-b8763fd99c5f' was not found in zone graph 'f1769648-9aeb-11e5-91da-b8763fd99c5f_f1769642-9aeb-11e5-91da-b8763fd99c5f'
Generating SingleLineDiagram-Multi: PowSyBl-SLD-2substations-TELEMA2-04-CB1-and-TELEMA2-04-CB2.svg
Error generating PowSyBl-SLD-2substations-TELEMA2-04-CB1-and-TELEMA2-04-CB2.svg: Substation 'e322d64a-0413-4703-b31c-b8e0c5c32f44' not in network urn:uuid:e710212f-f6b2-8d4c-9dc0-365398d8b59c
Generating SingleLineDiagram-Multi: PowSyBl-SLD-2substations-TELEMA2-04-CB2-and-TELEMA2-04-CB3.svg
Error generating PowSyBl-SLD-2substations-TELEMA2-04-CB2-and-TELEMA2-04-CB3.svg: Substation '4bb21420-ef4f-4af1-979e-863c3f484c51' not in network urn:uuid:e710212f-f6b2-8d4c-9dc0-365398d8b59c
Generating SingleLineDiagram-Multi: PowSyBl-SLD-2substations-TELEMA2-04-CB3-and-TELEMA2-04-CB5.svg
Error generating PowSyBl-SLD-2substations-TELEMA2-04-CB3-and-TELEMA2-04-CB5.svg: Substation 'ccffa748-19de-412a-9946-1fc846d98b71' not in network urn:uuid:e710212f-f6b2-8d4c-9dc0-365398d8b59c
Generating SingleLineDiagram-Multi: PowSyBl-SLD-2substations-TELEMA2-04-CB4-and-TELEMA2-04-CB5.svg
Error generating PowSyBl-SLD-2substations-TELEMA2-04-CB4-and-TELEMA2-04-CB5.svg: Substation '37a3bd2c-7817-48de-aa01-13a324a6d6bd' not in network urn:uuid:e710212f-f6b2-8d4c-9dc0-365398d8b59c
Generating SingleLineDiagram-Multi: PowSyBl-SLD-2substations-TELEMA2-04-CB5-and-TELEMA2-04-CB7.svg
Error generating PowSyBl-SLD-2substations-TELEMA2-04-CB5-and-TELEMA2-04-CB7.svg: Substation '27a21834-5457-4f1b-ad5c-1c69ff88fbd4' not in network urn:uuid:e710212f-f6b2-8d4c-9dc0-365398d8b59c
Generating SingleLineDiagram-Multi: PowSyBl-SLD-2substations-TELEMA2-04-CB6-and-TELEMA2-04-CB7.svg
Error generating PowSyBl-SLD-2substations-TELEMA2-04-CB6-and-TELEMA2-04-CB7.svg: Substation '811613d5-c44f-4daa-9dc1-03005740a4e5' not in network urn:uuid:e710212f-f6b2-8d4c-9dc0-365398d8b59c
Generating SingleLineDiagram-Multi: PowSyBl-SLD-2substations-TENHULT-and-HJALTA.svg
Generating SingleLineDiagram-Multi: PowSyBl-SLD-2substations-TENHULT-and-OSKARSHAMN.svg
Generating SingleLineDiagram-Multi: PowSyBl-SLD-2substations-TRETTEN-and-ASKER.svg
Generating SingleLineDiagram-Multi: PowSyBl-SLD-2substations-TRETTEN-and-HALDEN.svg
Error generating PowSyBl-SLD-2substations-TRETTEN-and-HALDEN.svg: Substation 'f176960e-9aeb-11e5-91da-b8763fd99c5f' was not found in zone graph 'f1769604-9aeb-11e5-91da-b8763fd99c5f_f176960e-9aeb-11e5-91da-b8763fd99c5f'
Generating SingleLineDiagram-Multi: PowSyBl-SLD-2substations-TRETTEN-and-TRONDHEIM.svg
Generating SingleLineDiagram-Multi: PowSyBl-SLD-2substations-TRONDHEIM-and-HALDEN.svg
Error generating PowSyBl-SLD-2substations-TRONDHEIM-and-HALDEN.svg: Substation 'f176960e-9aeb-11e5-91da-b8763fd99c5f' was not found in zone graph 'f1769694-9aeb-11e5-91da-b8763fd99c5f_f176960e-9aeb-11e5-91da-b8763fd99c5f'
Generating SingleLineDiagram-Multi: PowSyBl-SLD-2substations-TRONDHEIM-and-MO.svg
Generating SingleLineDiagram: PowSyBl-SLD-substation-AJAURE.svg
Generating SingleLineDiagram: PowSyBl-SLD-substation-ARENDAL.svg
Generating SingleLineDiagram: PowSyBl-SLD-substation-ARRIE_HVDC.svg
Generating SingleLineDiagram: PowSyBl-SLD-substation-ASKER.svg
Generating SingleLineDiagram: PowSyBl-SLD-substation-AURLAND.svg
Generating SingleLineDiagram: PowSyBl-SLD-substation-BLAFALLI.svg
Generating SingleLineDiagram: PowSyBl-SLD-substation-DAGALI.svg
Generating SingleLineDiagram: PowSyBl-SLD-substation-DANNEBO_HVDC.svg
Generating SingleLineDiagram: PowSyBl-SLD-substation-EIDFJORD.svg
Generating SingleLineDiagram: PowSyBl-SLD-substation-ENGENE.svg
Error generating PowSyBl-SLD-substation-ENGENE.svg: Network element '681a1e15-5a55-11eb-a658-74e5f963e191' not found
Generating SingleLineDiagram: PowSyBl-SLD-substation-ESTLINK_HVDC.svg
Generating SingleLineDiagram: PowSyBl-SLD-substation-FEDA_HVDC.svg
Generating SingleLineDiagram: PowSyBl-SLD-substation-FORSMARK.svg
Generating SingleLineDiagram: PowSyBl-SLD-substation-FROLAND.svg
Error generating PowSyBl-SLD-substation-FROLAND.svg: Network element '681a1e63-5a55-11eb-a658-74e5f963e191' not found
Generating SingleLineDiagram: PowSyBl-SLD-substation-GEILO.svg
Generating SingleLineDiagram: PowSyBl-SLD-substation-GRUNDFORS.svg
Generating SingleLineDiagram: PowSyBl-SLD-substation-HAGAFOSS.svg
Generating SingleLineDiagram: PowSyBl-SLD-substation-HALDEN.svg
Generating SingleLineDiagram: PowSyBl-SLD-substation-HELSINKI.svg
Generating SingleLineDiagram: PowSyBl-SLD-substation-HJALTA.svg
Generating SingleLineDiagram: PowSyBl-SLD-substation-HOGASEN.svg
Generating SingleLineDiagram: PowSyBl-SLD-substation-JARPSTROMMEN.svg
Generating SingleLineDiagram: PowSyBl-SLD-substation-KARLSH_HVDC.svg
Generating SingleLineDiagram: PowSyBl-SLD-substation-KONGSBERG.svg
Generating SingleLineDiagram: PowSyBl-SLD-substation-KRISTIANSAND.svg
Generating SingleLineDiagram: PowSyBl-SLD-substation-KRISTIA_HVDC.svg
Generating SingleLineDiagram: PowSyBl-SLD-substation-KVILLDAL.svg
Generating SingleLineDiagram: PowSyBl-SLD-substation-MALMO.svg
Generating SingleLineDiagram: PowSyBl-SLD-substation-MO.svg
Generating SingleLineDiagram: PowSyBl-SLD-substation-NARVIK.svg
Generating SingleLineDiagram: PowSyBl-SLD-substation-NEDENES.svg
Error generating PowSyBl-SLD-substation-NEDENES.svg: Network element '681a2179-5a55-11eb-a658-74e5f963e191' not found
Generating SingleLineDiagram: PowSyBl-SLD-substation-OSKARSHAMN.svg
Generating SingleLineDiagram: PowSyBl-SLD-substation-OSLO.svg
Generating SingleLineDiagram: PowSyBl-SLD-substation-OULU.svg
Generating SingleLineDiagram: PowSyBl-SLD-substation-PORJUS.svg
Generating SingleLineDiagram: PowSyBl-SLD-substation-RINGHALS.svg
Generating SingleLineDiagram: PowSyBl-SLD-substation-SANDEFJORD.svg
Generating SingleLineDiagram: PowSyBl-SLD-substation-SIMA.svg
Generating SingleLineDiagram: PowSyBl-SLD-substation-SKIEN.svg
Generating SingleLineDiagram: PowSyBl-SLD-substation-STAVANGER.svg
Generating SingleLineDiagram: PowSyBl-SLD-substation-STENKU_HVDC.svg
Generating SingleLineDiagram: PowSyBl-SLD-substation-SYLLING.svg
Generating SingleLineDiagram: PowSyBl-SLD-substation-SYSLE.svg
Generating SingleLineDiagram: PowSyBl-SLD-substation-TELEMA2-04-CB1.svg
Error generating PowSyBl-SLD-substation-TELEMA2-04-CB1.svg: Network element 'e322d64a-0413-4703-b31c-b8e0c5c32f44' not found
Generating SingleLineDiagram: PowSyBl-SLD-substation-TELEMA2-04-CB2.svg
Error generating PowSyBl-SLD-substation-TELEMA2-04-CB2.svg: Network element '4bb21420-ef4f-4af1-979e-863c3f484c51' not found
Generating SingleLineDiagram: PowSyBl-SLD-substation-TELEMA2-04-CB3.svg
Error generating PowSyBl-SLD-substation-TELEMA2-04-CB3.svg: Network element 'ccffa748-19de-412a-9946-1fc846d98b71' not found
Generating SingleLineDiagram: PowSyBl-SLD-substation-TELEMA2-04-CB4.svg
Error generating PowSyBl-SLD-substation-TELEMA2-04-CB4.svg: Network element '37a3bd2c-7817-48de-aa01-13a324a6d6bd' not found
Generating SingleLineDiagram: PowSyBl-SLD-substation-TELEMA2-04-CB5.svg
Error generating PowSyBl-SLD-substation-TELEMA2-04-CB5.svg: Network element '27a21834-5457-4f1b-ad5c-1c69ff88fbd4' not found
Generating SingleLineDiagram: PowSyBl-SLD-substation-TELEMA2-04-CB6.svg
Error generating PowSyBl-SLD-substation-TELEMA2-04-CB6.svg: Network element '811613d5-c44f-4daa-9dc1-03005740a4e5' not found
Generating SingleLineDiagram: PowSyBl-SLD-substation-TELEMA2-04-CB7.svg
Error generating PowSyBl-SLD-substation-TELEMA2-04-CB7.svg: Network element '99a5ca36-e724-49a7-8e7f-247357b6f336' not found
Generating SingleLineDiagram: PowSyBl-SLD-substation-TENHULT.svg
Generating SingleLineDiagram: PowSyBl-SLD-substation-TRETTEN.svg
Generating SingleLineDiagram: PowSyBl-SLD-substation-TRONDHEIM.svg
Generating SingleLineDiagram: PowSyBl-SLD-substation-T_ENGENE.svg
Error generating PowSyBl-SLD-substation-T_ENGENE.svg: Network element '681a1e3c-5a55-11eb-a658-74e5f963e191' not found
Generating SingleLineDiagram: PowSyBl-SLD-substation-VYBORG_HVDC.svg

Generation complete: 116 diagrams created, 80 errors
